<?xml version="1.0" encoding="UTF-8"?>
<!-- Generated by org.testng.reporters.JUnitReportReporter -->
<testsuite hostname="NamashivayaG-QA" failures="0" tests="1" name="tests.LoginTest" time="21.177" errors="0" timestamp="2024-10-22T14:43:27 IST" skipped="0">
  <testcase classname="tests.LoginTest" name="testGoogle" time="21.177"/>
  <system-out/>
</testsuite> <!-- tests.LoginTest -->
