<?xml version="1.0" encoding="UTF-8"?>
<!-- Generated by org.testng.reporters.JUnitReportReporter -->
<testsuite hostname="NamashivayaG-QA" failures="0" tests="1" name="tests.LoginTest" time="3.565" errors="0" timestamp="2024-10-21T14:14:42 IST" skipped="0">
  <testcase classname="tests.LoginTest" name="testGoogle" time="3.565"/>
</testsuite> <!-- tests.LoginTest -->
